This file contains any messages produced by compilers while
running configure, to aid debugging if configure makes a mistake.

It was created by configure, which was
generated by GNU Autoconf 2.69.  Invocation command line was

  $ ./configure 

## --------- ##
## Platform. ##
## --------- ##

hostname = NoteJoel
uname -m = x86_64
uname -r = 3.16.0-28-generic
uname -s = Linux
uname -v = #37-Ubuntu SMP Mon Dec 8 17:15:28 UTC 2014

/usr/bin/uname -p = unknown
/bin/uname -X     = unknown

/bin/arch              = unknown
/usr/bin/arch -k       = unknown
/usr/convex/getsysinfo = unknown
/usr/bin/hostinfo      = unknown
/bin/machine           = unknown
/usr/bin/oslevel       = unknown
/bin/universe          = unknown

PATH: /usr/local/sbin
PATH: /usr/local/bin
PATH: /usr/sbin
PATH: /usr/bin
PATH: /sbin
PATH: /bin


## ----------- ##
## Core tests. ##
## ----------- ##

configure:2081: checking for grep that handles long lines and -e
configure:2139: result: /bin/grep
configure:2144: checking for egrep
configure:2206: result: /bin/grep -E
configure:2211: checking for a sed that does not truncate output
configure:2275: result: /bin/sed
configure:2409: checking for cc
configure:2425: found /usr/bin/cc
configure:2436: result: cc
configure:2467: checking for C compiler version
configure:2476: cc --version >&5
cc (Ubuntu 4.9.1-16ubuntu6) 4.9.1
Copyright (C) 2014 Free Software Foundation, Inc.
This is free software; see the source for copying conditions.  There is NO
warranty; not even for MERCHANTABILITY or FITNESS FOR A PARTICULAR PURPOSE.

configure:2487: $? = 0
configure:2476: cc -v >&5
Using built-in specs.
COLLECT_GCC=cc
COLLECT_LTO_WRAPPER=/usr/lib/gcc/x86_64-linux-gnu/4.9/lto-wrapper
Target: x86_64-linux-gnu
Configured with: ../src/configure -v --with-pkgversion='Ubuntu 4.9.1-16ubuntu6' --with-bugurl=file:///usr/share/doc/gcc-4.9/README.Bugs --enable-languages=c,c++,java,go,d,fortran,objc,obj-c++ --prefix=/usr --program-suffix=-4.9 --enable-shared --enable-linker-build-id --libexecdir=/usr/lib --without-included-gettext --enable-threads=posix --with-gxx-include-dir=/usr/include/c++/4.9 --libdir=/usr/lib --enable-nls --with-sysroot=/ --enable-clocale=gnu --enable-libstdcxx-debug --enable-libstdcxx-time=yes --enable-gnu-unique-object --disable-vtable-verify --enable-plugin --with-system-zlib --disable-browser-plugin --enable-java-awt=gtk --enable-gtk-cairo --with-java-home=/usr/lib/jvm/java-1.5.0-gcj-4.9-amd64/jre --enable-java-home --with-jvm-root-dir=/usr/lib/jvm/java-1.5.0-gcj-4.9-amd64 --with-jvm-jar-dir=/usr/lib/jvm-exports/java-1.5.0-gcj-4.9-amd64 --with-arch-directory=amd64 --with-ecj-jar=/usr/share/java/eclipse-ecj.jar --enable-objc-gc --enable-multiarch --disable-werror --with-arch-32=i686 --with-abi=m64 --with-multilib-list=m32,m64,mx32 --enable-multilib --with-tune=generic --enable-checking=release --build=x86_64-linux-gnu --host=x86_64-linux-gnu --target=x86_64-linux-gnu
Thread model: posix
gcc version 4.9.1 (Ubuntu 4.9.1-16ubuntu6) 
configure:2487: $? = 0
configure:2476: cc -V >&5
cc: error: unrecognized command line option '-V'
cc: fatal error: no input files
compilation terminated.
configure:2487: $? = 4
configure:2476: cc -qversion >&5
cc: error: unrecognized command line option '-qversion'
cc: fatal error: no input files
compilation terminated.
configure:2487: $? = 4
configure:2507: checking whether the C compiler works
configure:2529: cc    conftest.c  >&5
configure:2533: $? = 0
configure:2581: result: yes
configure:2584: checking for C compiler default output file name
configure:2586: result: a.out
configure:2592: checking for suffix of executables
configure:2599: cc -o conftest    conftest.c  >&5
configure:2603: $? = 0
configure:2625: result: 
configure:2647: checking whether we are cross compiling
configure:2655: cc -o conftest    conftest.c  >&5
configure:2659: $? = 0
configure:2666: ./conftest
configure:2670: $? = 0
configure:2685: result: no
configure:2690: checking for suffix of object files
configure:2712: cc -c   conftest.c >&5
configure:2716: $? = 0
configure:2737: result: o
configure:2741: checking whether we are using the GNU C compiler
configure:2760: cc -c   conftest.c >&5
configure:2760: $? = 0
configure:2769: result: yes
configure:2778: checking whether cc accepts -g
configure:2798: cc -c -g  conftest.c >&5
configure:2798: $? = 0
configure:2839: result: yes
configure:2856: checking for cc option to accept ISO C89
configure:2919: cc  -c -g -O2  conftest.c >&5
configure:2919: $? = 0
configure:2932: result: none needed
configure:2958: checking how to run the C preprocessor
configure:2989: cc -E  conftest.c
configure:2989: $? = 0
configure:3003: cc -E  conftest.c
conftest.c:9:28: fatal error: ac_nonexistent.h: No such file or directory
 #include <ac_nonexistent.h>
                            ^
compilation terminated.
configure:3003: $? = 1
configure: failed program was:
| /* confdefs.h */
| #define PACKAGE_NAME ""
| #define PACKAGE_TARNAME ""
| #define PACKAGE_VERSION ""
| #define PACKAGE_STRING ""
| #define PACKAGE_BUGREPORT ""
| #define PACKAGE_URL ""
| /* end confdefs.h.  */
| #include <ac_nonexistent.h>
configure:3028: result: cc -E
configure:3048: cc -E  conftest.c
configure:3048: $? = 0
configure:3062: cc -E  conftest.c
conftest.c:9:28: fatal error: ac_nonexistent.h: No such file or directory
 #include <ac_nonexistent.h>
                            ^
compilation terminated.
configure:3062: $? = 1
configure: failed program was:
| /* confdefs.h */
| #define PACKAGE_NAME ""
| #define PACKAGE_TARNAME ""
| #define PACKAGE_VERSION ""
| #define PACKAGE_STRING ""
| #define PACKAGE_BUGREPORT ""
| #define PACKAGE_URL ""
| /* end confdefs.h.  */
| #include <ac_nonexistent.h>
configure:3093: checking for icc
configure:3102: result: no
configure:3116: checking for suncc
configure:3125: result: no
configure:3143: checking whether cc understands -c and -o together
configure:3171: cc -c conftest.c -o conftest2.o >&5
configure:3175: $? = 0
configure:3181: cc -c conftest.c -o conftest2.o >&5
configure:3185: $? = 0
configure:3240: result: yes
configure:3254: checking for system library directory
configure:3269: result: lib
configure:3276: checking if compiler supports -R
configure:3295: cc -o conftest -g -O2   conftest.c -R /usr/lib  >&5
cc: error: unrecognized command line option '-R'
configure:3295: $? = 1
configure: failed program was:
| /* confdefs.h */
| #define PACKAGE_NAME ""
| #define PACKAGE_TARNAME ""
| #define PACKAGE_VERSION ""
| #define PACKAGE_STRING ""
| #define PACKAGE_BUGREPORT ""
| #define PACKAGE_URL ""
| /* end confdefs.h.  */
| 
| int
| main ()
| {
| 
|   ;
|   return 0;
| }
configure:3305: result: no
configure:3310: checking if compiler supports -Wl,-rpath,
configure:3329: cc -o conftest -g -O2   conftest.c -Wl,-rpath,/usr/lib  >&5
configure:3329: $? = 0
configure:3339: result: yes
configure:3384: checking build system type
configure:3398: result: x86_64-unknown-linux-gnu
configure:3418: checking host system type
configure:3431: result: x86_64-unknown-linux-gnu
configure:3451: checking target system type
configure:3464: result: x86_64-unknown-linux-gnu
configure:3567: checking for PHP prefix
configure:3569: result: /usr
configure:3571: checking for PHP includes
configure:3573: result: -I/usr/include/php5 -I/usr/include/php5/main -I/usr/include/php5/TSRM -I/usr/include/php5/Zend -I/usr/include/php5/ext -I/usr/include/php5/ext/date/lib
configure:3575: checking for PHP extension directory
configure:3577: result: /usr/lib/php5/20121212
configure:3579: checking for PHP installed headers prefix
configure:3581: result: /usr/include/php5
configure:3584: checking if debug is enabled
configure:3610: result: no
configure:3613: checking if zts is enabled
configure:3639: result: no
configure:3710: checking for re2c
configure:3740: result: no
configure:3765: WARNING: You will need re2c 0.13.4 or later if you want to regenerate PHP parsers.
configure:3779: checking for gawk
configure:3810: result: no
configure:3779: checking for nawk
configure:3796: found /usr/bin/nawk
configure:3807: result: nawk
configure:3830: checking if nawk is broken
configure:3837: result: no
configure:3851: checking whether to enable redis support
configure:3890: result: yes, shared
configure:3899: checking whether to enable sessions
configure:3913: result: yes
configure:3922: checking whether to enable igbinary serializer support
configure:3936: result: no
configure:3978: checking for redis igbinary support
configure:4042: result: disabled
configure:4401: checking how to print strings
configure:4428: result: printf
configure:4449: checking for a sed that does not truncate output
configure:4513: result: /bin/sed
configure:4531: checking for fgrep
configure:4593: result: /bin/grep -F
configure:4628: checking for ld used by cc
configure:4695: result: /usr/bin/ld
configure:4702: checking if the linker (/usr/bin/ld) is GNU ld
configure:4717: result: yes
configure:4729: checking for BSD- or MS-compatible name lister (nm)
configure:4778: result: /usr/bin/nm -B
configure:4908: checking the name lister (/usr/bin/nm -B) interface
configure:4915: cc -c -g -O2  conftest.c >&5
configure:4918: /usr/bin/nm -B "conftest.o"
configure:4921: output
0000000000000000 B some_variable
configure:4928: result: BSD nm
configure:4931: checking whether ln -s works
configure:4935: result: yes
configure:4943: checking the maximum length of command line arguments
configure:5074: result: 1572864
configure:5091: checking whether the shell understands some XSI constructs
configure:5101: result: yes
configure:5105: checking whether the shell understands "+="
configure:5111: result: yes
configure:5146: checking how to convert x86_64-unknown-linux-gnu file names to x86_64-unknown-linux-gnu format
configure:5186: result: func_convert_file_noop
configure:5193: checking how to convert x86_64-unknown-linux-gnu file names to toolchain format
configure:5213: result: func_convert_file_noop
configure:5220: checking for /usr/bin/ld option to reload object files
configure:5227: result: -r
configure:5301: checking for objdump
configure:5317: found /usr/bin/objdump
configure:5328: result: objdump
configure:5360: checking how to recognize dependent libraries
configure:5558: result: pass_all
configure:5643: checking for dlltool
configure:5673: result: no
configure:5703: checking how to associate runtime and link libraries
configure:5730: result: printf %s\n
configure:5790: checking for ar
configure:5806: found /usr/bin/ar
configure:5817: result: ar
configure:5854: checking for archiver @FILE support
configure:5871: cc -c -g -O2  conftest.c >&5
configure:5871: $? = 0
configure:5874: ar cru libconftest.a @conftest.lst >&5
configure:5877: $? = 0
configure:5882: ar cru libconftest.a @conftest.lst >&5
ar: conftest.o: No such file or directory
configure:5885: $? = 1
configure:5897: result: @
configure:5955: checking for strip
configure:5971: found /usr/bin/strip
configure:5982: result: strip
configure:6054: checking for ranlib
configure:6070: found /usr/bin/ranlib
configure:6081: result: ranlib
configure:6158: checking for gawk
configure:6185: result: nawk
configure:6225: checking command to parse /usr/bin/nm -B output from cc object
configure:6345: cc -c -g -O2  conftest.c >&5
configure:6348: $? = 0
configure:6352: /usr/bin/nm -B conftest.o \| sed -n -e 's/^.*[ ]\([ABCDGIRSTW][ABCDGIRSTW]*\)[ ][ ]*\([_A-Za-z][_A-Za-z0-9]*\)$/\1 \2 \2/p' | sed '/ __gnu_lto/d' \> conftest.nm
configure:6355: $? = 0
configure:6421: cc -o conftest -g -O2   conftest.c conftstm.o >&5
configure:6424: $? = 0
configure:6462: result: ok
configure:6499: checking for sysroot
configure:6529: result: no
configure:6606: cc -c -g -O2  conftest.c >&5
configure:6609: $? = 0
configure:6798: checking for mt
configure:6814: found /bin/mt
configure:6825: result: mt
configure:6848: checking if mt is a manifest tool
configure:6854: mt '-?'
configure:6862: result: no
configure:7499: checking for ANSI C header files
configure:7519: cc -c -g -O2  conftest.c >&5
configure:7519: $? = 0
configure:7592: cc -o conftest -g -O2   conftest.c  >&5
configure:7592: $? = 0
configure:7592: ./conftest
configure:7592: $? = 0
configure:7603: result: yes
configure:7616: checking for sys/types.h
configure:7616: cc -c -g -O2  conftest.c >&5
configure:7616: $? = 0
configure:7616: result: yes
configure:7616: checking for sys/stat.h
configure:7616: cc -c -g -O2  conftest.c >&5
configure:7616: $? = 0
configure:7616: result: yes
configure:7616: checking for stdlib.h
configure:7616: cc -c -g -O2  conftest.c >&5
configure:7616: $? = 0
configure:7616: result: yes
configure:7616: checking for string.h
configure:7616: cc -c -g -O2  conftest.c >&5
configure:7616: $? = 0
configure:7616: result: yes
configure:7616: checking for memory.h
configure:7616: cc -c -g -O2  conftest.c >&5
configure:7616: $? = 0
configure:7616: result: yes
configure:7616: checking for strings.h
configure:7616: cc -c -g -O2  conftest.c >&5
configure:7616: $? = 0
configure:7616: result: yes
configure:7616: checking for inttypes.h
configure:7616: cc -c -g -O2  conftest.c >&5
configure:7616: $? = 0
configure:7616: result: yes
configure:7616: checking for stdint.h
configure:7616: cc -c -g -O2  conftest.c >&5
configure:7616: $? = 0
configure:7616: result: yes
configure:7616: checking for unistd.h
configure:7616: cc -c -g -O2  conftest.c >&5
configure:7616: $? = 0
configure:7616: result: yes
configure:7630: checking for dlfcn.h
configure:7630: cc -c -g -O2  conftest.c >&5
configure:7630: $? = 0
configure:7630: result: yes
configure:7836: checking for objdir
configure:7851: result: .libs
configure:8122: checking if cc supports -fno-rtti -fno-exceptions
configure:8140: cc -c -g -O2  -fno-rtti -fno-exceptions conftest.c >&5
cc1: warning: command line option '-fno-rtti' is valid for C++/ObjC++ but not for C
configure:8144: $? = 0
configure:8157: result: no
configure:8484: checking for cc option to produce PIC
configure:8491: result: -fPIC -DPIC
configure:8499: checking if cc PIC flag -fPIC -DPIC works
configure:8517: cc -c -g -O2  -fPIC -DPIC -DPIC conftest.c >&5
configure:8521: $? = 0
configure:8534: result: yes
configure:8563: checking if cc static flag -static works
configure:8591: result: yes
configure:8606: checking if cc supports -c -o file.o
configure:8627: cc -c -g -O2  -o out/conftest2.o conftest.c >&5
configure:8631: $? = 0
configure:8653: result: yes
configure:8661: checking if cc supports -c -o file.o
configure:8708: result: yes
configure:8741: checking whether the cc linker (/usr/bin/ld -m elf_x86_64) supports shared libraries
configure:9898: result: yes
configure:9935: checking whether -lc should be explicitly linked in
configure:9943: cc -c -g -O2  conftest.c >&5
configure:9946: $? = 0
configure:9961: cc -shared  -fPIC -DPIC conftest.o  -v -Wl,-soname -Wl,conftest -o conftest 2\>\&1 \| /bin/grep  -lc  \>/dev/null 2\>\&1
configure:9964: $? = 0
configure:9978: result: no
configure:10138: checking dynamic linker characteristics
configure:10638: cc -o conftest -g -O2   -Wl,-rpath -Wl,/foo conftest.c  >&5
configure:10638: $? = 0
configure:10872: result: GNU/Linux ld.so
configure:10979: checking how to hardcode library paths into programs
configure:11004: result: immediate
configure:11544: checking whether stripping libraries is possible
configure:11549: result: yes
configure:11584: checking if libtool supports shared libraries
configure:11586: result: yes
configure:11589: checking whether to build shared libraries
configure:11610: result: yes
configure:11613: checking whether to build static libraries
configure:11617: result: no
configure:11893: creating ./config.status

## ---------------------- ##
## Running config.status. ##
## ---------------------- ##

This file was extended by config.status, which was
generated by GNU Autoconf 2.69.  Invocation command line was

  CONFIG_FILES    = 
  CONFIG_HEADERS  = 
  CONFIG_LINKS    = 
  CONFIG_COMMANDS = 
  $ ./config.status 

on NoteJoel

config.status:887: creating config.h
config.status:991: executing libtool commands

## ---------------- ##
## Cache variables. ##
## ---------------- ##

ac_cv_build=x86_64-unknown-linux-gnu
ac_cv_c_compiler_gnu=yes
ac_cv_env_CC_set=
ac_cv_env_CC_value=
ac_cv_env_CFLAGS_set=
ac_cv_env_CFLAGS_value=
ac_cv_env_CPPFLAGS_set=
ac_cv_env_CPPFLAGS_value=
ac_cv_env_CPP_set=
ac_cv_env_CPP_value=
ac_cv_env_LDFLAGS_set=
ac_cv_env_LDFLAGS_value=
ac_cv_env_LIBS_set=
ac_cv_env_LIBS_value=
ac_cv_env_build_alias_set=
ac_cv_env_build_alias_value=
ac_cv_env_host_alias_set=
ac_cv_env_host_alias_value=
ac_cv_env_target_alias_set=
ac_cv_env_target_alias_value=
ac_cv_header_dlfcn_h=yes
ac_cv_header_inttypes_h=yes
ac_cv_header_memory_h=yes
ac_cv_header_stdc=yes
ac_cv_header_stdint_h=yes
ac_cv_header_stdlib_h=yes
ac_cv_header_string_h=yes
ac_cv_header_strings_h=yes
ac_cv_header_sys_stat_h=yes
ac_cv_header_sys_types_h=yes
ac_cv_header_unistd_h=yes
ac_cv_host=x86_64-unknown-linux-gnu
ac_cv_objext=o
ac_cv_path_EGREP='/bin/grep -E'
ac_cv_path_FGREP='/bin/grep -F'
ac_cv_path_GREP=/bin/grep
ac_cv_path_SED=/bin/sed
ac_cv_prog_AWK=nawk
ac_cv_prog_CPP='cc -E'
ac_cv_prog_ac_ct_AR=ar
ac_cv_prog_ac_ct_CC=cc
ac_cv_prog_ac_ct_MANIFEST_TOOL=mt
ac_cv_prog_ac_ct_OBJDUMP=objdump
ac_cv_prog_ac_ct_RANLIB=ranlib
ac_cv_prog_ac_ct_STRIP=strip
ac_cv_prog_cc_c89=
ac_cv_prog_cc_cc_c_o=yes
ac_cv_prog_cc_g=yes
ac_cv_target=x86_64-unknown-linux-gnu
lt_cv_ar_at_file=@
lt_cv_archive_cmds_need_lc=no
lt_cv_deplibs_check_method=pass_all
lt_cv_file_magic_cmd='$MAGIC_CMD'
lt_cv_file_magic_test_file=
lt_cv_ld_reload_flag=-r
lt_cv_nm_interface='BSD nm'
lt_cv_objdir=.libs
lt_cv_path_LD=/usr/bin/ld
lt_cv_path_NM='/usr/bin/nm -B'
lt_cv_path_mainfest_tool=no
lt_cv_prog_compiler_c_o=yes
lt_cv_prog_compiler_pic='-fPIC -DPIC'
lt_cv_prog_compiler_pic_works=yes
lt_cv_prog_compiler_rtti_exceptions=no
lt_cv_prog_compiler_static_works=yes
lt_cv_prog_gnu_ld=yes
lt_cv_sharedlib_from_linklib_cmd='printf %s\n'
lt_cv_shlibpath_overrides_runpath=no
lt_cv_sys_global_symbol_pipe='sed -n -e '\''s/^.*[	 ]\([ABCDGIRSTW][ABCDGIRSTW]*\)[	 ][	 ]*\([_A-Za-z][_A-Za-z0-9]*\)$/\1 \2 \2/p'\'' | sed '\''/ __gnu_lto/d'\'''
lt_cv_sys_global_symbol_to_c_name_address='sed -n -e '\''s/^: \([^ ]*\)[ ]*$/  {\"\1\", (void *) 0},/p'\'' -e '\''s/^[ABCDGIRSTW]* \([^ ]*\) \([^ ]*\)$/  {"\2", (void *) \&\2},/p'\'''
lt_cv_sys_global_symbol_to_c_name_address_lib_prefix='sed -n -e '\''s/^: \([^ ]*\)[ ]*$/  {\"\1\", (void *) 0},/p'\'' -e '\''s/^[ABCDGIRSTW]* \([^ ]*\) \(lib[^ ]*\)$/  {"\2", (void *) \&\2},/p'\'' -e '\''s/^[ABCDGIRSTW]* \([^ ]*\) \([^ ]*\)$/  {"lib\2", (void *) \&\2},/p'\'''
lt_cv_sys_global_symbol_to_cdecl='sed -n -e '\''s/^T .* \(.*\)$/extern int \1();/p'\'' -e '\''s/^[ABCDGIRSTW]* .* \(.*\)$/extern char \1;/p'\'''
lt_cv_sys_max_cmd_len=1572864
lt_cv_to_host_file_cmd=func_convert_file_noop
lt_cv_to_tool_file_cmd=func_convert_file_noop
php_cv_cc_dashr=no
php_cv_cc_rpath=yes

## ----------------- ##
## Output variables. ##
## ----------------- ##

AR='ar'
AWK='nawk'
CC='cc'
CFLAGS='-g -O2'
CONFIGURE_COMMAND=' '\''./configure'\'' '
CONFIGURE_OPTIONS=''
CPP='cc -E'
CPPFLAGS=' -DHAVE_CONFIG_H'
DEFS='-DHAVE_CONFIG_H'
DLLTOOL='false'
DSYMUTIL=''
DUMPBIN=''
ECHO_C=''
ECHO_N='-n'
ECHO_T=''
EGREP='/bin/grep -E'
EXEEXT=''
FGREP='/bin/grep -F'
GREP='/bin/grep'
LD='/usr/bin/ld -m elf_x86_64'
LDFLAGS=''
LIBOBJS=''
LIBS=''
LIBTOOL='$(SHELL) $(top_builddir)/libtool'
LIPO=''
LN_S='ln -s'
LTLIBOBJS=''
MANIFEST_TOOL=':'
NM='/usr/bin/nm -B'
NMEDIT=''
OBJDUMP='objdump'
OBJEXT='o'
OTOOL64=''
OTOOL=''
PACKAGE_BUGREPORT=''
PACKAGE_NAME=''
PACKAGE_STRING=''
PACKAGE_TARNAME=''
PACKAGE_URL=''
PACKAGE_VERSION=''
PATH_SEPARATOR=':'
RANLIB='ranlib'
RE2C='exit 0;'
SED='/bin/sed'
SHELL='/bin/bash'
SHLIB_DL_SUFFIX_NAME='so'
SHLIB_SUFFIX_NAME='so'
STRIP='strip'
ac_ct_AR='ar'
ac_ct_CC='cc'
ac_ct_DUMPBIN=''
bindir='${exec_prefix}/bin'
build='x86_64-unknown-linux-gnu'
build_alias=''
build_cpu='x86_64'
build_os='linux-gnu'
build_vendor='unknown'
datadir='${datarootdir}'
datarootdir='${prefix}/share'
docdir='${datarootdir}/doc/${PACKAGE}'
dvidir='${docdir}'
exec_prefix='$(prefix)'
host='x86_64-unknown-linux-gnu'
host_alias='x86_64-unknown-linux-gnu'
host_cpu='x86_64'
host_os='linux-gnu'
host_vendor='unknown'
htmldir='${docdir}'
includedir='${prefix}/include'
infodir='${datarootdir}/info'
libdir='${exec_prefix}/lib'
libexecdir='${exec_prefix}/libexec'
localedir='${datarootdir}/locale'
localstatedir='${prefix}/var'
mandir='${datarootdir}/man'
oldincludedir='/usr/include'
pdfdir='${docdir}'
prefix='/usr'
program_transform_name='s,x,x,'
psdir='${docdir}'
sbindir='${exec_prefix}/sbin'
sharedstatedir='${prefix}/com'
sysconfdir='${prefix}/etc'
target='x86_64-unknown-linux-gnu'
target_alias=''
target_cpu='x86_64'
target_os='linux-gnu'
target_vendor='unknown'

## ----------- ##
## confdefs.h. ##
## ----------- ##

/* confdefs.h */
#define PACKAGE_NAME ""
#define PACKAGE_TARNAME ""
#define PACKAGE_VERSION ""
#define PACKAGE_STRING ""
#define PACKAGE_BUGREPORT ""
#define PACKAGE_URL ""
#define PHP_SESSION 1
#define COMPILE_DL_REDIS 1
#define STDC_HEADERS 1
#define HAVE_SYS_TYPES_H 1
#define HAVE_SYS_STAT_H 1
#define HAVE_STDLIB_H 1
#define HAVE_STRING_H 1
#define HAVE_MEMORY_H 1
#define HAVE_STRINGS_H 1
#define HAVE_INTTYPES_H 1
#define HAVE_STDINT_H 1
#define HAVE_UNISTD_H 1
#define HAVE_DLFCN_H 1
#define LT_OBJDIR ".libs/"

configure: exit 0
